2022-02-13 14:32:54,889 [restartedMain] WARN  o.springframework.boot.StartupInfoLogger           - InetAddress.getLocalHost().getHostName() took 5006 milliseconds to respond. Please verify your network configuration (macOS machines may need to add entries to /etc/hosts).
2022-02-13 14:32:59,902 [restartedMain] INFO  c.s.SpringBootThirdMiniProjectApplication          - Starting SpringBootThirdMiniProjectApplication using Java 1.8.0_271 on Sreshs-MacBook-Air.local with PID 15235 (/Users/sresh/eclipse-workspace/SpringBoot-Third-MiniProject/target/classes started by sresh in /Users/sresh/eclipse-workspace/SpringBoot-Third-MiniProject)
2022-02-13 14:32:59,903 [restartedMain] INFO  c.s.SpringBootThirdMiniProjectApplication          - No active profile set, falling back to default profiles: default
2022-02-13 14:32:59,991 [restartedMain] INFO  o.s.b.d.e.DevToolsPropertyDefaultsPostProcessor    - Devtools property defaults active! Set 'spring.devtools.add-properties' to 'false' to disable
2022-02-13 14:32:59,991 [restartedMain] INFO  o.s.b.d.e.DevToolsPropertyDefaultsPostProcessor    - For additional web related logging consider setting the 'logging.level.web' property to 'DEBUG'
2022-02-13 14:33:01,340 [restartedMain] INFO  o.s.d.r.c.RepositoryConfigurationDelegate          - Bootstrapping Spring Data JPA repositories in DEFAULT mode.
2022-02-13 14:33:01,433 [restartedMain] INFO  o.s.d.r.c.RepositoryConfigurationDelegate          - Finished Spring Data repository scanning in 73 ms. Found 1 JPA repository interfaces.
2022-02-13 14:33:02,733 [restartedMain] INFO  o.s.b.w.embedded.tomcat.TomcatWebServer            - Tomcat initialized with port(s): 9090 (http)
2022-02-13 14:33:02,763 [restartedMain] INFO  o.apache.coyote.http11.Http11NioProtocol           - Initializing ProtocolHandler ["http-nio-9090"]
2022-02-13 14:33:02,765 [restartedMain] INFO  org.apache.catalina.core.StandardService           - Starting service [Tomcat]
2022-02-13 14:33:02,766 [restartedMain] INFO  org.apache.catalina.core.StandardEngine            - Starting Servlet engine: [Apache Tomcat/9.0.48]
2022-02-13 14:33:02,957 [restartedMain] INFO  o.a.c.c.C.[Tomcat].[localhost].[/]                 - Initializing Spring embedded WebApplicationContext
2022-02-13 14:33:02,958 [restartedMain] INFO  o.s.b.w.s.c.ServletWebServerApplicationContext     - Root WebApplicationContext: initialization completed in 2964 ms
2022-02-13 14:33:03,628 [restartedMain] INFO  o.hibernate.jpa.internal.util.LogHelper            - HHH000204: Processing PersistenceUnitInfo [name: default]
2022-02-13 14:33:03,743 [restartedMain] INFO  org.hibernate.Version                              - HHH000412: Hibernate ORM core version 5.4.32.Final
2022-02-13 14:33:04,202 [restartedMain] INFO  org.hibernate.annotations.common.Version           - HCANN000001: Hibernate Commons Annotations {5.1.2.Final}
2022-02-13 14:33:04,478 [restartedMain] INFO  com.zaxxer.hikari.HikariDataSource                 - HikariPool-1 - Starting...
2022-02-13 14:33:05,183 [restartedMain] INFO  com.zaxxer.hikari.HikariDataSource                 - HikariPool-1 - Start completed.
2022-02-13 14:33:05,212 [restartedMain] INFO  org.hibernate.dialect.Dialect                      - HHH000400: Using dialect: org.hibernate.dialect.MySQL8Dialect
2022-02-13 14:33:06,139 [restartedMain] INFO  o.h.e.t.j.p.i.JtaPlatformInitiator                 - HHH000490: Using JtaPlatform implementation: [org.hibernate.engine.transaction.jta.platform.internal.NoJtaPlatform]
2022-02-13 14:33:06,150 [restartedMain] INFO  o.s.o.j.LocalContainerEntityManagerFactoryBean     - Initialized JPA EntityManagerFactory for persistence unit 'default'
2022-02-13 14:33:07,396 [restartedMain] WARN  o.s.b.a.o.j.JpaBaseConfiguration$JpaWebConfiguration - spring.jpa.open-in-view is enabled by default. Therefore, database queries may be performed during view rendering. Explicitly configure spring.jpa.open-in-view to disable this warning
2022-02-13 14:33:07,594 [restartedMain] INFO  s.d.s.w.PropertySourcedRequestMappingHandlerMapping - Mapped URL path [/v2/api-docs] onto method [springfox.documentation.swagger2.web.Swagger2Controller#getDocumentation(String, HttpServletRequest)]
2022-02-13 14:33:07,814 [restartedMain] INFO  o.s.b.d.a.OptionalLiveReloadServer                 - LiveReload server is running on port 35729
2022-02-13 14:33:08,066 [restartedMain] INFO  o.apache.coyote.http11.Http11NioProtocol           - Starting ProtocolHandler ["http-nio-9090"]
2022-02-13 14:33:08,090 [restartedMain] INFO  o.s.b.w.embedded.tomcat.TomcatWebServer            - Tomcat started on port(s): 9090 (http) with context path ''
2022-02-13 14:33:08,092 [restartedMain] INFO  s.d.s.w.p.DocumentationPluginsBootstrapper         - Context refreshed
2022-02-13 14:33:08,115 [restartedMain] INFO  s.d.s.w.p.DocumentationPluginsBootstrapper         - Found 1 custom documentation plugin(s)
2022-02-13 14:33:08,150 [restartedMain] INFO  s.d.s.w.s.ApiListingReferenceScanner               - Scanning for api listing references
2022-02-13 14:33:08,331 [restartedMain] INFO  c.s.SpringBootThirdMiniProjectApplication          - Started SpringBootThirdMiniProjectApplication in 29.066 seconds (JVM running for 35.387)
2022-02-13 15:09:24,346 [http-nio-9090-exec-1] INFO  o.a.c.c.C.[Tomcat].[localhost].[/]                 - Initializing Spring DispatcherServlet 'dispatcherServlet'
2022-02-13 15:09:24,350 [http-nio-9090-exec-1] INFO  o.s.web.servlet.DispatcherServlet                  - Initializing Servlet 'dispatcherServlet'
2022-02-13 15:09:24,358 [http-nio-9090-exec-1] INFO  o.s.web.servlet.DispatcherServlet                  - Completed initialization in 8 ms
2022-02-13 15:14:47,394 [RMI TCP Connection(2)-127.0.0.1] INFO  o.s.b.a.SpringApplicationAdminMXBeanRegistrar$SpringApplicationAdmin - Application shutdown requested.
2022-02-13 15:14:47,428 [RMI TCP Connection(2)-127.0.0.1] INFO  o.s.o.j.LocalContainerEntityManagerFactoryBean     - Closing JPA EntityManagerFactory for persistence unit 'default'
2022-02-13 15:14:47,435 [RMI TCP Connection(2)-127.0.0.1] INFO  com.zaxxer.hikari.HikariDataSource                 - HikariPool-1 - Shutdown initiated...
2022-02-13 15:14:47,447 [RMI TCP Connection(2)-127.0.0.1] INFO  com.zaxxer.hikari.HikariDataSource                 - HikariPool-1 - Shutdown completed.
